d:\paint4 kids\debug\pt project.bsc
d:\paint4 kids\debug\vc143.pdb
d:\paint4 kids\debug\vc143.idb
d:\paint4 kids\debug\testcode.sbr
d:\paint4 kids\debug\output.sbr
d:\paint4 kids\debug\input.sbr
d:\paint4 kids\debug\windowinput.sbr
d:\paint4 kids\debug\mousequeue.sbr
d:\paint4 kids\debug\keyqueue.sbr
d:\paint4 kids\debug\image.sbr
d:\paint4 kids\debug\colors.sbr
d:\paint4 kids\debug\cmugraphics.sbr
d:\paint4 kids\debug\auxil.sbr
d:\paint4 kids\debug\auxil.obj
d:\paint4 kids\debug\cmugraphics.obj
d:\paint4 kids\debug\colors.obj
d:\paint4 kids\debug\image.obj
d:\paint4 kids\debug\keyqueue.obj
d:\paint4 kids\debug\mousequeue.obj
d:\paint4 kids\debug\windowinput.obj
d:\paint4 kids\debug\input.obj
d:\paint4 kids\debug\output.obj
d:\paint4 kids\debug\testcode.obj
d:\paint4 kids\debug\jutils.sbr
d:\paint4 kids\debug\jquant2.sbr
d:\paint4 kids\debug\jquant1.sbr
d:\paint4 kids\debug\jmemnobs.sbr
d:\paint4 kids\debug\jmemmgr.sbr
d:\paint4 kids\debug\jidctred.sbr
d:\paint4 kids\debug\jidctint.sbr
d:\paint4 kids\debug\jidctfst.sbr
d:\paint4 kids\debug\jidctflt.sbr
d:\paint4 kids\debug\jerror.sbr
d:\paint4 kids\debug\jdtrans.sbr
d:\paint4 kids\debug\jdsample.sbr
d:\paint4 kids\debug\jdpostct.sbr
d:\paint4 kids\debug\jdphuff.sbr
d:\paint4 kids\debug\jdmerge.sbr
d:\paint4 kids\debug\jdmaster.sbr
d:\paint4 kids\debug\jdmarker.sbr
d:\paint4 kids\debug\jdmainct.sbr
d:\paint4 kids\debug\jdinput.sbr
d:\paint4 kids\debug\jdhuff.sbr
d:\paint4 kids\debug\jdhuff.obj
d:\paint4 kids\debug\jdinput.obj
d:\paint4 kids\debug\jdmainct.obj
d:\paint4 kids\debug\jdmarker.obj
d:\paint4 kids\debug\jdmaster.obj
d:\paint4 kids\debug\jdmerge.obj
d:\paint4 kids\debug\jdphuff.obj
d:\paint4 kids\debug\jdpostct.obj
d:\paint4 kids\debug\jdsample.obj
d:\paint4 kids\debug\jdtrans.obj
d:\paint4 kids\debug\jerror.obj
d:\paint4 kids\debug\jidctflt.obj
d:\paint4 kids\debug\jidctfst.obj
d:\paint4 kids\debug\jidctint.obj
d:\paint4 kids\debug\jidctred.obj
d:\paint4 kids\debug\jmemmgr.obj
d:\paint4 kids\debug\jmemnobs.obj
d:\paint4 kids\debug\jquant1.obj
d:\paint4 kids\debug\jquant2.obj
d:\paint4 kids\debug\jutils.obj
d:\paint4 kids\debug\jddctmgr.sbr
d:\paint4 kids\debug\jdcolor.sbr
d:\paint4 kids\debug\jdcoefct.sbr
d:\paint4 kids\debug\jdatasrc.sbr
d:\paint4 kids\debug\jdapistd.sbr
d:\paint4 kids\debug\jdapimin.sbr
d:\paint4 kids\debug\jcparam.sbr
d:\paint4 kids\debug\jcomapi.sbr
d:\paint4 kids\debug\jpegload.sbr
d:\paint4 kids\debug\jpegload.obj
d:\paint4 kids\debug\jcomapi.obj
d:\paint4 kids\debug\jcparam.obj
d:\paint4 kids\debug\jdapimin.obj
d:\paint4 kids\debug\jdapistd.obj
d:\paint4 kids\debug\jdatasrc.obj
d:\paint4 kids\debug\jdcoefct.obj
d:\paint4 kids\debug\jdcolor.obj
d:\paint4 kids\debug\jddctmgr.obj
d:\paint4 kids\debug\pt project.exe
d:\paint4 kids\debug\pt project.ilk
d:\paint4 kids\debug\pt project.pdb
d:\paint4 kids\debug\pt project.tlog\bscmake.command.1.tlog
d:\paint4 kids\debug\pt project.tlog\bscmake.read.1.tlog
d:\paint4 kids\debug\pt project.tlog\bscmake.write.1.tlog
d:\paint4 kids\debug\pt project.tlog\cl.command.1.tlog
d:\paint4 kids\debug\pt project.tlog\cl.items.tlog
d:\paint4 kids\debug\pt project.tlog\cl.read.1.tlog
d:\paint4 kids\debug\pt project.tlog\cl.write.1.tlog
d:\paint4 kids\debug\pt project.tlog\link.command.1.tlog
d:\paint4 kids\debug\pt project.tlog\link.read.1.tlog
d:\paint4 kids\debug\pt project.tlog\link.write.1.tlog
